Using pre-set license
Built from '2021.3/china_unity/release' branch; Version is '2021.3.4f1c1 (64682593795a) revision 6580261'; Using compiler version '192829333'; Build Type 'Release'
OS: 'Windows 10  (10.0.19043) 64bit CoreCountrySpecific' Language: 'zh' Physical Memory: 16106 MB
BatchMode: 1, IsHumanControllingUs: 0, StartBugReporterOnCrash: 0, Is64bit: 1, IsPro: 1

COMMAND LINE ARGUMENTS:
E:\unity_editor\2021.3.4f1c1\Editor\Unity.exe
-adb2
-batchMode
-noUpm
-name
AssetImportWorker1
-projectPath
E:/unity_project/actor3d
-logFile
Logs/AssetImportWorker1.log
-srvPort
58656
Successfully changed project path to: E:/unity_project/actor3d
E:/unity_project/actor3d
[UnityMemory] Configuration Parameters - Can be set up in boot.config
    "memorysetup-bucket-allocator-granularity=16"
    "memorysetup-bucket-allocator-bucket-count=8"
    "memorysetup-bucket-allocator-block-size=33554432"
    "memorysetup-bucket-allocator-block-count=8"
    "memorysetup-main-allocator-block-size=16777216"
    "memorysetup-thread-allocator-block-size=16777216"
    "memorysetup-gfx-main-allocator-block-size=16777216"
    "memorysetup-gfx-thread-allocator-block-size=16777216"
    "memorysetup-cache-allocator-block-size=4194304"
    "memorysetup-typetree-allocator-block-size=2097152"
    "memorysetup-profiler-bucket-allocator-granularity=16"
    "memorysetup-profiler-bucket-allocator-bucket-count=8"
    "memorysetup-profiler-bucket-allocator-block-size=33554432"
    "memorysetup-profiler-bucket-allocator-block-count=8"
    "memorysetup-profiler-allocator-block-size=16777216"
    "memorysetup-profiler-editor-allocator-block-size=1048576"
    "memorysetup-temp-allocator-size-main=16777216"
    "memorysetup-job-temp-allocator-block-size=2097152"
    "memorysetup-job-temp-allocator-block-size-background=1048576"
    "memorysetup-job-temp-allocator-reduction-small-platforms=262144"
    "memorysetup-temp-allocator-size-background-worker=32768"
    "memorysetup-temp-allocator-size-job-worker=262144"
    "memorysetup-temp-allocator-size-preload-manager=33554432"
    "memorysetup-temp-allocator-size-nav-mesh-worker=65536"
    "memorysetup-temp-allocator-size-audio-worker=65536"
    "memorysetup-temp-allocator-size-cloud-worker=32768"
    "memorysetup-temp-allocator-size-gi-baking-worker=262144"
    "memorysetup-temp-allocator-size-gfx=262144"
AS: AutoStreaming module initializing.
Refreshing native plugins compatible for Editor in 153.65 ms, found 3 plugins.
Preloading 0 native plugins for Editor in 0.00 ms.
Initialize engine version: 2021.3.4f1c1 (64682593795a)
[Subsystems] Discovering subsystems at path E:/unity_editor/2021.3.4f1c1/Editor/Data/Resources/UnitySubsystems
[Subsystems] Discovering subsystems at path E:/unity_project/actor3d/Assets
GfxDevice: creating device client; threaded=0; jobified=0
Direct3D:
    Version:  Direct3D 11.0 [level 11.1]
    Renderer: NVIDIA GeForce MX350 (ID=0x1c94)
    Vendor:   NVIDIA
    VRAM:     1979 MB
Initialize mono
Mono path[0] = 'E:/unity_editor/2021.3.4f1c1/Editor/Data/Managed'
Mono path[1] = 'E:/unity_editor/2021.3.4f1c1/Editor/Data/MonoBleedingEdge/lib/mono/unityjit-win32'
Mono config path = 'E:/unity_editor/2021.3.4f1c1/Editor/Data/MonoBleedingEdge/etc'
Using monoOptions --debugger-agent=transport=dt_socket,embedding=1,server=y,suspend=n,address=127.0.0.1:56772
Begin MonoManager ReloadAssembly
Registering precompiled unity dll's ...
Register platform support module: E:/unity_editor/2021.3.4f1c1/Editor/Data/PlaybackEngines/WebGLSupport/UnityEditor.WebGL.Extensions.dll
Register platform support module: E:/unity_editor/2021.3.4f1c1/Editor/Data/PlaybackEngines/WindowsStandaloneSupport/UnityEditor.WindowsStandalone.Extensions.dll
Registered in 0.011171 seconds.
Native extension for WindowsStandalone target not found
Native extension for WebGL target not found
Refreshing native plugins compatible for Editor in 179.67 ms, found 3 plugins.
Preloading 0 native plugins for Editor in 0.00 ms.
Mono: successfully reloaded assembly
- Completed reload, in  1.405 seconds
Domain Reload Profiling:
	ReloadAssembly (1406ms)
		BeginReloadAssembly (151ms)
			ExecutionOrderSort (0ms)
			DisableScriptedObjects (0ms)
			BackupInstance (0ms)
			ReleaseScriptingObjects (0ms)
			CreateAndSetChildDomain (1ms)
		EndReloadAssembly (945ms)
			LoadAssemblies (149ms)
			RebuildTransferFunctionScriptingTraits (0ms)
			SetupTypeCache (242ms)
			ReleaseScriptCaches (0ms)
			RebuildScriptCaches (61ms)
			SetupLoadedEditorAssemblies (554ms)
				LogAssemblyErrors (0ms)
				InitializePlatformSupportModulesInManaged (22ms)
				SetLoadedEditorAssemblies (0ms)
				RefreshPlugins (180ms)
				BeforeProcessingInitializeOnLoad (3ms)
				ProcessInitializeOnLoadAttributes (236ms)
				ProcessInitializeOnLoadMethodAttributes (112ms)
				AfterProcessingInitializeOnLoad (0ms)
				EditorAssembliesLoaded (0ms)
			ExecutionOrderSort2 (0ms)
			AwakeInstancesAfterBackupRestoration (0ms)
Platform modules already initialized, skipping
Registering precompiled user dll's ...
Registered in 0.020934 seconds.
Begin MonoManager ReloadAssembly
Symbol file LoadedFromMemory doesn't match image E:\unity_project\actor3d\Library\PackageCache\com.unity.visualscripting@1.7.8\Editor\VisualScripting.Core\Dependencies\YamlDotNet\Unity.VisualScripting.YamlDotNet.dll
Symbol file LoadedFromMemory doesn't match image E:\unity_project\actor3d\Library\PackageCache\com.unity.visualscripting@1.7.8\Editor\VisualScripting.Core\Dependencies\DotNetZip\Unity.VisualScripting.IonicZip.dll
Native extension for WindowsStandalone target not found
Native extension for WebGL target not found
Refreshing native plugins compatible for Editor in 1.52 ms, found 3 plugins.
Preloading 0 native plugins for Editor in 0.00 ms.
Mono: successfully reloaded assembly
- Completed reload, in  2.178 seconds
Domain Reload Profiling:
	ReloadAssembly (2179ms)
		BeginReloadAssembly (219ms)
			ExecutionOrderSort (0ms)
			DisableScriptedObjects (12ms)
			BackupInstance (0ms)
			ReleaseScriptingObjects (0ms)
			CreateAndSetChildDomain (38ms)
		EndReloadAssembly (1721ms)
			LoadAssemblies (177ms)
			RebuildTransferFunctionScriptingTraits (0ms)
			SetupTypeCache (565ms)
			ReleaseScriptCaches (1ms)
			RebuildScriptCaches (110ms)
			SetupLoadedEditorAssemblies (755ms)
				LogAssemblyErrors (0ms)
				InitializePlatformSupportModulesInManaged (11ms)
				SetLoadedEditorAssemblies (1ms)
				RefreshPlugins (2ms)
				BeforeProcessingInitializeOnLoad (166ms)
				ProcessInitializeOnLoadAttributes (507ms)
				ProcessInitializeOnLoadMethodAttributes (48ms)
				AfterProcessingInitializeOnLoad (19ms)
				EditorAssembliesLoaded (0ms)
			ExecutionOrderSort2 (0ms)
			AwakeInstancesAfterBackupRestoration (26ms)
Platform modules already initialized, skipping
========================================================================
Worker process is ready to serve import requests
Launched and connected shader compiler UnityShaderCompiler.exe after 0.16 seconds
Refreshing native plugins compatible for Editor in 0.56 ms, found 3 plugins.
Preloading 0 native plugins for Editor in 0.00 ms.
Unloading 3369 Unused Serialized files (Serialized files now loaded: 0)
Unloading 27 unused Assets / (111.0 KB). Loaded Objects now: 3826.
Memory consumption went from 116.0 MB to 115.9 MB.
Total: 2.930300 ms (FindLiveObjects: 0.247600 ms CreateObjectMapping: 0.107800 ms MarkObjects: 2.481200 ms  DeleteObjects: 0.092600 ms)

AssetImportParameters requested are different than current active one (requested -> active):
  custom:video-decoder-ogg-theora: a1e56fd34408186e4bbccfd4996cb3dc -> 
  custom:container-muxer-webm: aa71ff27fc2769a1b78a27578f13a17b -> 
  custom:container-demuxer-webm: 4f35f7cbe854078d1ac9338744f61a02 -> 
  custom:video-encoder-webm-vp8: eb34c28f22e8b96e1ab97ce403110664 -> 
  custom:video-codec-MediaFoundation-h265: 746d11721c4dcdbdad8f713fa42b33f4 -> 
  custom:audio-encoder-webm-vorbis: bf7c407c2cedff20999df2af8eb42d56 -> 
  custom:framework-win-MediaFoundation: 216162199b28c13a410421893ffa2e32 -> 
  custom:container-demuxer-ogg: 62fdf1f143b41e24485cea50d1cbac27 -> 
  custom:video-decoder-webm-vp8: 9c59270c3fd7afecdb556c50c9e8de78 -> 
  custom:audio-decoder-ogg-vorbis: bf7c407c2cedff20999df2af8eb42d56 -> 
========================================================================
Received Import Request.
  Time since last request: 577895.320002 seconds.
  path: Assets
  artifactKey: Guid(00000000000000001000000000000000) Importer(815301076,1909f56bfc062723c751e8b465ee728b)
Start importing Assets using Guid(00000000000000001000000000000000) Importer(815301076,1909f56bfc062723c751e8b465ee728b)  -> (artifact id: '79842766b460edbeab6a34051e857a80') in 0.008222 seconds 
========================================================================
Received Import Request.
  Time since last request: 0.000024 seconds.
  path: Assets/Prefabs
  artifactKey: Guid(ed1bc430c4757b548a64fb122d626e24) Importer(815301076,1909f56bfc062723c751e8b465ee728b)
Start importing Assets/Prefabs using Guid(ed1bc430c4757b548a64fb122d626e24) Importer(815301076,1909f56bfc062723c751e8b465ee728b)  -> (artifact id: 'fb4e0f8b90fb225dfaa60ec4517ebcb3') in 0.002879 seconds 
========================================================================
Received Import Request.
  Time since last request: 107.496563 seconds.
  path: Assets/HorizontalActionAssets/Prefabs/Smoke Puff.prefab
  artifactKey: Guid(bc709abd8d033ad4590c836b15b6ad8f) Importer(815301076,1909f56bfc062723c751e8b465ee728b)
Start importing Assets/HorizontalActionAssets/Prefabs/Smoke Puff.prefab using Guid(bc709abd8d033ad4590c836b15b6ad8f) Importer(815301076,1909f56bfc062723c751e8b465ee728b)  -> (artifact id: 'a0044ea63fb377f697aa22a7792b8653') in 0.179239 seconds 
========================================================================
Received Import Request.
  Time since last request: 12.230142 seconds.
  path: Assets/HorizontalActionAssets/SimpleFX/Materials/FX_Glow.mat
  artifactKey: Guid(040cfa3c61ad57946ae16c627e338920) Importer(815301076,1909f56bfc062723c751e8b465ee728b)
Start importing Assets/HorizontalActionAssets/SimpleFX/Materials/FX_Glow.mat using Guid(040cfa3c61ad57946ae16c627e338920) Importer(815301076,1909f56bfc062723c751e8b465ee728b)  -> (artifact id: 'b3e3cdac3520275e9a1f3f24dc09b913') in 0.350277 seconds 
========================================================================
Received Import Request.
  Time since last request: 1.437478 seconds.
  path: Assets/HorizontalActionAssets/SimpleFX/Models/FX_GunFlash.fbx
  artifactKey: Guid(50a5b61475aba5649a793b8d076e8681) Importer(815301076,1909f56bfc062723c751e8b465ee728b)
Start importing Assets/HorizontalActionAssets/SimpleFX/Models/FX_GunFlash.fbx using Guid(50a5b61475aba5649a793b8d076e8681) Importer(815301076,1909f56bfc062723c751e8b465ee728b)  -> (artifact id: 'b7c4fc5ac99ba03b2bf35d687f114789') in 0.242126 seconds 
========================================================================
Received Import Request.
  Time since last request: 0.000037 seconds.
  path: Assets/HorizontalActionAssets/SimpleFX/Models/FX_Rubble.fbx
  artifactKey: Guid(42e0384be8104584cbcc3a1fadaafb79) Importer(815301076,1909f56bfc062723c751e8b465ee728b)
Start importing Assets/HorizontalActionAssets/SimpleFX/Models/FX_Rubble.fbx using Guid(42e0384be8104584cbcc3a1fadaafb79) Importer(815301076,1909f56bfc062723c751e8b465ee728b)  -> (artifact id: '2a15e27e5d1ad9fe15db3e0f243937eb') in 0.040209 seconds 
========================================================================
Received Import Request.
  Time since last request: 1.648540 seconds.
  path: Assets/HorizontalActionAssets/SimpleFX/Prefabs/FX_DirtSplatter.prefab
  artifactKey: Guid(834c99069a124aa439d5795c3579843b) Importer(815301076,1909f56bfc062723c751e8b465ee728b)
Start importing Assets/HorizontalActionAssets/SimpleFX/Prefabs/FX_DirtSplatter.prefab using Guid(834c99069a124aa439d5795c3579843b) Importer(815301076,1909f56bfc062723c751e8b465ee728b)  -> (artifact id: '60b9eaa4ac1175734a55a055c92b10d2') in 0.037869 seconds 
========================================================================
Received Import Request.
  Time since last request: 0.000030 seconds.
  path: Assets/HorizontalActionAssets/SimpleFX/Prefabs/FX_Fireworks_Blue_Large.prefab
  artifactKey: Guid(5702e2a6fea804b45b49b70d8feaf7ae) Importer(815301076,1909f56bfc062723c751e8b465ee728b)
Start importing Assets/HorizontalActionAssets/SimpleFX/Prefabs/FX_Fireworks_Blue_Large.prefab using Guid(5702e2a6fea804b45b49b70d8feaf7ae) Importer(815301076,1909f56bfc062723c751e8b465ee728b)  -> (artifact id: 'b9350b2f6146cfaed36081beedee4aad') in 0.039012 seconds 
========================================================================
Received Import Request.
  Time since last request: 0.000034 seconds.
  path: Assets/HorizontalActionAssets/SimpleFX/Prefabs/FX_TireSmoke.prefab
  artifactKey: Guid(d7bf18dd20422304ea868e95c3518f19) Importer(815301076,1909f56bfc062723c751e8b465ee728b)
Start importing Assets/HorizontalActionAssets/SimpleFX/Prefabs/FX_TireSmoke.prefab using Guid(d7bf18dd20422304ea868e95c3518f19) Importer(815301076,1909f56bfc062723c751e8b465ee728b)  -> (artifact id: '0df46321651d964028fac04afa217e43') in 0.037031 seconds 
========================================================================
Received Import Request.
  Time since last request: 0.000061 seconds.
  path: Assets/HorizontalActionAssets/SimpleFX/Prefabs/FX_Dust_Prefab_02.prefab
  artifactKey: Guid(cd427f0dc853ec74a9ba1c5ff0e48ca2) Importer(815301076,1909f56bfc062723c751e8b465ee728b)
Start importing Assets/HorizontalActionAssets/SimpleFX/Prefabs/FX_Dust_Prefab_02.prefab using Guid(cd427f0dc853ec74a9ba1c5ff0e48ca2) Importer(815301076,1909f56bfc062723c751e8b465ee728b)  -> (artifact id: '59f73b6e7445c3c285e892fd96e34a93') in 0.031043 seconds 
========================================================================
Received Import Request.
  Time since last request: 0.000028 seconds.
  path: Assets/HorizontalActionAssets/SimpleFX/Prefabs/FX_WaterSplatter.prefab
  artifactKey: Guid(263867d4955e3644f9a1dfa779ab7d1e) Importer(815301076,1909f56bfc062723c751e8b465ee728b)
Start importing Assets/HorizontalActionAssets/SimpleFX/Prefabs/FX_WaterSplatter.prefab using Guid(263867d4955e3644f9a1dfa779ab7d1e) Importer(815301076,1909f56bfc062723c751e8b465ee728b)  -> (artifact id: 'f5c164a5333df08a957664c12a307c23') in 0.018438 seconds 
========================================================================
Received Import Request.
  Time since last request: 0.000030 seconds.
  path: Assets/HorizontalActionAssets/SimpleFX/Prefabs/FX_Smoke.prefab
  artifactKey: Guid(ab1112643ee572748b01dede71158272) Importer(815301076,1909f56bfc062723c751e8b465ee728b)
Start importing Assets/HorizontalActionAssets/SimpleFX/Prefabs/FX_Smoke.prefab using Guid(ab1112643ee572748b01dede71158272) Importer(815301076,1909f56bfc062723c751e8b465ee728b)  -> (artifact id: 'e1eb5ddedc16b3d0850293918d2c8052') in 0.030249 seconds 
========================================================================
Received Import Request.
  Time since last request: 0.000055 seconds.
  path: Assets/HorizontalActionAssets/SimpleFX/Prefabs/FX_Dust_Prefab_01.prefab
  artifactKey: Guid(c83a45822d0d3f94991e76a87670125c) Importer(815301076,1909f56bfc062723c751e8b465ee728b)
Start importing Assets/HorizontalActionAssets/SimpleFX/Prefabs/FX_Dust_Prefab_01.prefab using Guid(c83a45822d0d3f94991e76a87670125c) Importer(815301076,1909f56bfc062723c751e8b465ee728b)  -> (artifact id: '5120a6fc202f7db0c9ee7ca9d08dbd59') in 0.029789 seconds 
========================================================================
Received Import Request.
  Time since last request: 0.000042 seconds.
  path: Assets/HorizontalActionAssets/SimpleFX/Prefabs/FX_Dust_Prefab_03.prefab
  artifactKey: Guid(1570b78163aaedc44bfd35cf13a9f13f) Importer(815301076,1909f56bfc062723c751e8b465ee728b)
Start importing Assets/HorizontalActionAssets/SimpleFX/Prefabs/FX_Dust_Prefab_03.prefab using Guid(1570b78163aaedc44bfd35cf13a9f13f) Importer(815301076,1909f56bfc062723c751e8b465ee728b)  -> (artifact id: '5ad02e5bece20d3c2873c8a31a7aef7d') in 0.021558 seconds 
========================================================================
Received Import Request.
  Time since last request: 0.000033 seconds.
  path: Assets/HorizontalActionAssets/SimpleFX/Prefabs/FX_WaterSplash.prefab
  artifactKey: Guid(e49403f034d74ee44aa8a41b0ee4abfd) Importer(815301076,1909f56bfc062723c751e8b465ee728b)
Start importing Assets/HorizontalActionAssets/SimpleFX/Prefabs/FX_WaterSplash.prefab using Guid(e49403f034d74ee44aa8a41b0ee4abfd) Importer(815301076,1909f56bfc062723c751e8b465ee728b)  -> (artifact id: 'c293ef481d2179a7880a24a728d28881') in 0.022666 seconds 
========================================================================
Received Import Request.
  Time since last request: 0.000049 seconds.
  path: Assets/HorizontalActionAssets/SimpleFX/Prefabs/FX_FlameThrower.prefab
  artifactKey: Guid(5cd5599e01f32bd418f20a3b9eac1c57) Importer(815301076,1909f56bfc062723c751e8b465ee728b)
Start importing Assets/HorizontalActionAssets/SimpleFX/Prefabs/FX_FlameThrower.prefab using Guid(5cd5599e01f32bd418f20a3b9eac1c57) Importer(815301076,1909f56bfc062723c751e8b465ee728b)  -> (artifact id: '7c2f60d1ce5dd014b30340bc1704f1f5') in 0.017166 seconds 
========================================================================
Received Import Request.
  Time since last request: 4.458751 seconds.
  path: Assets/HorizontalActionAssets/Sound/Background.wav
  artifactKey: Guid(b5e265f81dc3af64a989125ea762b37e) Importer(815301076,1909f56bfc062723c751e8b465ee728b)
Start importing Assets/HorizontalActionAssets/Sound/Background.wav using Guid(b5e265f81dc3af64a989125ea762b37e) Importer(815301076,1909f56bfc062723c751e8b465ee728b)  -> (artifact id: '5f538f93c395a72eb9d24fbe6f7bd699') in 0.244638 seconds 
========================================================================
Received Import Request.
  Time since last request: 0.000042 seconds.
  path: Assets/HorizontalActionAssets/Sound/LevelEnd.wav
  artifactKey: Guid(abd96d35f13f1b74184a3096ac783bed) Importer(815301076,1909f56bfc062723c751e8b465ee728b)
Start importing Assets/HorizontalActionAssets/Sound/LevelEnd.wav using Guid(abd96d35f13f1b74184a3096ac783bed) Importer(815301076,1909f56bfc062723c751e8b465ee728b)  -> (artifact id: '2509a704b3e99e258a56023c96f1178a') in 0.037994 seconds 
========================================================================
Received Import Request.
  Time since last request: 0.000037 seconds.
  path: Assets/HorizontalActionAssets/Sound/Player Jump.mp3
  artifactKey: Guid(409dbca71751da443a398dfca71ba62f) Importer(815301076,1909f56bfc062723c751e8b465ee728b)
Start importing Assets/HorizontalActionAssets/Sound/Player Jump.mp3 using Guid(409dbca71751da443a398dfca71ba62f) Importer(815301076,1909f56bfc062723c751e8b465ee728b)  -> (artifact id: '753e5eec9e5654065a4a12757d7fa090') in 0.041843 seconds 
========================================================================
Received Import Request.
  Time since last request: 0.000048 seconds.
  path: Assets/HorizontalActionAssets/Sound/Throw.wav
  artifactKey: Guid(1a989ae16939c224081259c9eb482dd3) Importer(815301076,1909f56bfc062723c751e8b465ee728b)
Start importing Assets/HorizontalActionAssets/Sound/Throw.wav using Guid(1a989ae16939c224081259c9eb482dd3) Importer(815301076,1909f56bfc062723c751e8b465ee728b)  -> (artifact id: 'd962e84b7b25ae7b0a6a94ce2d971a85') in 0.020576 seconds 
========================================================================
Received Import Request.
  Time since last request: 0.205260 seconds.
  path: Assets/HorizontalActionAssets/Textures/Cloud Particle.png
  artifactKey: Guid(c8f952665d4f42d4c99cb98b65449bd3) Importer(815301076,1909f56bfc062723c751e8b465ee728b)
Start importing Assets/HorizontalActionAssets/Textures/Cloud Particle.png using Guid(c8f952665d4f42d4c99cb98b65449bd3) Importer(815301076,1909f56bfc062723c751e8b465ee728b)  -> (artifact id: '5a0290db090a33050bf430ffef1b86eb') in 0.102822 seconds 
========================================================================
Received Import Request.
  Time since last request: 0.000023 seconds.
  path: Assets/HorizontalActionAssets/Textures/wood.jpg
  artifactKey: Guid(7d8691f69c88bdd40b070b7d2f9e8cd1) Importer(815301076,1909f56bfc062723c751e8b465ee728b)
Start importing Assets/HorizontalActionAssets/Textures/wood.jpg using Guid(7d8691f69c88bdd40b070b7d2f9e8cd1) Importer(815301076,1909f56bfc062723c751e8b465ee728b)  -> (artifact id: '494eecb7f6cea064ad06728e1b2a32c0') in 0.027861 seconds 
========================================================================
Received Import Request.
  Time since last request: 0.000030 seconds.
  path: Assets/HorizontalActionAssets/Textures/metal 1.png
  artifactKey: Guid(a5593782e711e594cb5de1874d71e84e) Importer(815301076,1909f56bfc062723c751e8b465ee728b)
Start importing Assets/HorizontalActionAssets/Textures/metal 1.png using Guid(a5593782e711e594cb5de1874d71e84e) Importer(815301076,1909f56bfc062723c751e8b465ee728b)  -> (artifact id: '07a378bd916ba30b95b2858eab95a281') in 0.033328 seconds 
========================================================================
Received Import Request.
  Time since last request: 2.531577 seconds.
  path: Assets/HorizontalActionAssets/Textures/SkyBox/Sunny2_down.tif
  artifactKey: Guid(e58d7769af939f944aa34c67b70e282b) Importer(815301076,1909f56bfc062723c751e8b465ee728b)
Start importing Assets/HorizontalActionAssets/Textures/SkyBox/Sunny2_down.tif using Guid(e58d7769af939f944aa34c67b70e282b) Importer(815301076,1909f56bfc062723c751e8b465ee728b)  -> (artifact id: 'f7e4eeaf7fe2fab7727f6b2e45b74394') in 0.049281 seconds 
========================================================================
Received Import Request.
  Time since last request: 0.000034 seconds.
  path: Assets/HorizontalActionAssets/Textures/SkyBox/Sunny2_right.tif
  artifactKey: Guid(5861c55756febc148902667397405ff9) Importer(815301076,1909f56bfc062723c751e8b465ee728b)
Start importing Assets/HorizontalActionAssets/Textures/SkyBox/Sunny2_right.tif using Guid(5861c55756febc148902667397405ff9) Importer(815301076,1909f56bfc062723c751e8b465ee728b)  -> (artifact id: 'b997192617f088e4fcc4558eb05fd86c') in 0.013930 seconds 
========================================================================
Received Import Request.
  Time since last request: 0.000053 seconds.
  path: Assets/HorizontalActionAssets/Textures/SkyBox/Sunny2_front.tif
  artifactKey: Guid(be7c377d128f1ff46a22853ecdb9e6d1) Importer(815301076,1909f56bfc062723c751e8b465ee728b)
Start importing Assets/HorizontalActionAssets/Textures/SkyBox/Sunny2_front.tif using Guid(be7c377d128f1ff46a22853ecdb9e6d1) Importer(815301076,1909f56bfc062723c751e8b465ee728b)  -> (artifact id: '9c286f66fd3a5a5984249e2d7827a9f5') in 0.018531 seconds 
========================================================================
Received Import Request.
  Time since last request: 273.634470 seconds.
  path: Assets/HorizontalActionAssets/Materials/Crate.mat
  artifactKey: Guid(8cabc88cc93c6204eb20cc7746983bc6) Importer(815301076,1909f56bfc062723c751e8b465ee728b)
Start importing Assets/HorizontalActionAssets/Materials/Crate.mat using Guid(8cabc88cc93c6204eb20cc7746983bc6) Importer(815301076,1909f56bfc062723c751e8b465ee728b)  -> (artifact id: 'd33a5e38482c8de43eb2f646f7e9c1bc') in 0.283226 seconds 
========================================================================
Received Import Request.
  Time since last request: 0.000024 seconds.
  path: Assets/HorizontalActionAssets/Materials/Marble.mat
  artifactKey: Guid(a359ba8eb63435a49b19ccbcb7f96a07) Importer(815301076,1909f56bfc062723c751e8b465ee728b)
Start importing Assets/HorizontalActionAssets/Materials/Marble.mat using Guid(a359ba8eb63435a49b19ccbcb7f96a07) Importer(815301076,1909f56bfc062723c751e8b465ee728b)  -> (artifact id: '8e6e9ece375046865b8d8f4bb3b37900') in 0.041750 seconds 
========================================================================
Received Import Request.
  Time since last request: 0.000051 seconds.
  path: Assets/HorizontalActionAssets/Materials/Wall.mat
  artifactKey: Guid(822a8549deaf9c446bd4c6e25e464a20) Importer(815301076,1909f56bfc062723c751e8b465ee728b)
Start importing Assets/HorizontalActionAssets/Materials/Wall.mat using Guid(822a8549deaf9c446bd4c6e25e464a20) Importer(815301076,1909f56bfc062723c751e8b465ee728b)  -> (artifact id: 'c5a4bb6907ff80f614335aa6d5e286f2') in 0.034752 seconds 
========================================================================
Received Import Request.
  Time since last request: 0.000028 seconds.
  path: Assets/HorizontalActionAssets/Materials/skin_badguy.mat
  artifactKey: Guid(d9719185c494f4144850500a36f71feb) Importer(815301076,1909f56bfc062723c751e8b465ee728b)
Start importing Assets/HorizontalActionAssets/Materials/skin_badguy.mat using Guid(d9719185c494f4144850500a36f71feb) Importer(815301076,1909f56bfc062723c751e8b465ee728b)  -> (artifact id: 'b027bbb3e3e77d529e36641836ae6325') in 0.043544 seconds 
